

HI-TECH Software PICC Macro Assembler V8.05PL2
Serial number: HCPIC-00000                            Wed Apr 20 16:02:39 2016

Licensed to: MITSOS FOREVER
     1                           	processor	16F877A
     2                           	opt	pw 79
     3                           	psect	__Z00000RS_,global,delta=1
     4                           	psect	text0,local,class=CODE,delta=2
     5                           	psect	text2,local,class=CODE,delta=2
     6  0000                     
     7  0000                     
     8  0000                     
     9  0000                     
    10  0000                     
    11  0000                     
    12  0000                     
    13  0000                     
    14  0000                     
    15  0000                     
    16                           
    17                           	psect	__Z00000RS_
    18  0F30                     
    19  0F30                     
    20                           
    21                           	psect	text0
    22  0FCA                     _DelayMs
    23                           ;	_cnt assigned to ?a_DelayMs+0
    24  0000                     _DelayMs$cnt	set	?a_DelayMs
    25                           ;	__dcnt assigned to ?a_DelayMs+1
    26  0000                     _DelayMs$_dcnt	set	?a_DelayMs+1
    27                           ;	__dcnt assigned to ?a_DelayMs+1
    28  0000                     _DelayMs$_dcnt	set	?a_DelayMs+1
    29                           ;	__dcnt assigned to ?a_DelayMs+1
    30  0000                     _DelayMs$_dcnt	set	?a_DelayMs+1
    31                           ;	__dcnt assigned to ?a_DelayMs+1
    32  0000                     _DelayMs$_dcnt	set	?a_DelayMs+1
    33                           ;_cnt stored from w
    34  0FCA  0183               	clrf	3	;select bank 0
    35  0FCB  0080               	movwf	?a_DelayMs
    36                           ;delay.c: 13: while(cnt-- > 0){
    37  0FCC  2FE9               	goto	l2
    38  0FCD                     l3
    39                           ;delay.c: 14: { unsigned char _dcnt=250; while(
      +                          _dcnt-- != 0) asm("nop"); };
    40  0FCD  30FA               	movlw	-6
    41  0FCE  0081               	movwf	?a_DelayMs+1
    42  0FCF  2FD1               	goto	l5
    43  0FD0                     l6
    44  0FD0  0000               	nop	;#
    45  0FD1                     l5
    46  0FD1  0381               	decf	?a_DelayMs+1
    47  0FD2  0F01               	incfsz	?a_DelayMs+1,w
    48  0FD3  2FD0               	goto	l6
    49                           ;delay.c: 15: { unsigned char _dcnt=250; while(
      +                          _dcnt-- != 0) asm("nop"); };
    50  0FD4  30FA               	movlw	-6
    51  0FD5  0081               	movwf	?a_DelayMs+1
    52  0FD6  2FD8               	goto	l8
    53  0FD7                     l9
    54  0FD7  0000               	nop	;#
    55  0FD8                     l8
    56  0FD8  0381               	decf	?a_DelayMs+1
    57  0FD9  0F01               	incfsz	?a_DelayMs+1,w
    58  0FDA  2FD7               	goto	l9
    59                           ;delay.c: 16: { unsigned char _dcnt=250; while(
      +                          _dcnt-- != 0) asm("nop"); };
    60  0FDB  30FA               	movlw	-6
    61  0FDC  0081               	movwf	?a_DelayMs+1
    62  0FDD  2FDF               	goto	l11
    63  0FDE                     l12
    64  0FDE  0000               	nop	;#
    65  0FDF                     l11
    66  0FDF  0381               	decf	?a_DelayMs+1
    67  0FE0  0F01               	incfsz	?a_DelayMs+1,w
    68  0FE1  2FDE               	goto	l12
    69                           ;delay.c: 17: { unsigned char _dcnt=250; while(
      +                          _dcnt-- != 0) asm("nop"); };
    70  0FE2  30FA               	movlw	-6
    71  0FE3  0081               	movwf	?a_DelayMs+1
    72  0FE4  2FE6               	goto	l14
    73  0FE5                     l15
    74  0FE5  0000               	nop	;#
    75  0FE6                     l14
    76  0FE6  0381               	decf	?a_DelayMs+1
    77  0FE7  0F01               	incfsz	?a_DelayMs+1,w
    78  0FE8  2FE5               	goto	l15
    79  0FE9                     l2
    80                           ;delay.c: 18: }
    81  0FE9  1283               	bcf	3,5
    82  0FEA  1303               	bcf	3,6	;carry unused
    83  0FEB  0380               	decf	?a_DelayMs
    84  0FEC  0F00               	incfsz	?a_DelayMs,w
    85  0FED  2FCD               	goto	l3
    86  0FEE  0008               	return
    87                           ;delay.c: 21: void DelayS(unsigned char cnt){
    88  0FEF                     _DelayS
    89                           ;	_cnt assigned to ?a_DelayS+0
    90  0000                     _DelayS$cnt	set	?a_DelayS
    91                           ;_cnt stored from w
    92  0FEF  0183               	clrf	3	;select bank 0
    93  0FF0  0080               	movwf	?a_DelayS
    94                           ;delay.c: 22: while(cnt-- > 0){
    95  0FF1  2FFA               	goto	l18
    96  0FF2                     l19
    97                           ;delay.c: 23: DelayMs(250);
    98  0FF2  30FA               	movlw	-6
    99  0FF3  27CA               	fcall	_DelayMs
   100                           ;delay.c: 24: DelayMs(250);
   101  0FF4  30FA               	movlw	-6
   102  0FF5  27CA               	fcall	_DelayMs
   103                           ;delay.c: 25: DelayMs(250);
   104  0FF6  30FA               	movlw	-6
   105  0FF7  27CA               	fcall	_DelayMs
   106                           ;delay.c: 26: DelayMs(250);
   107  0FF8  30FA               	movlw	-6
   108  0FF9  27CA               	fcall	_DelayMs
   109  0FFA                     l18
   110                           ;delay.c: 27: }
   111  0FFA  1283               	bcf	3,5
   112  0FFB  1303               	bcf	3,6	;carry unused
   113  0FFC  0380               	decf	?a_DelayS
   114  0FFD  0F00               	incfsz	?a_DelayS,w
   115  0FFE  2FF2               	goto	l19
   116  0FFF  0008               	return
   117                           
   118                           	psect	text2
   119  0000                     
   120  0000                     
   121  0000                     
   122  0000                     
   123  0000                     
   124  0000                     
   125  0000                     
   126  0000                     
   127  0000                     
   128  0000                     
   129  0000                     
   130  0000                     
   131  0000                     
   132  0000                     
   133  0000                     
   134  0000                     
   135  0000                     
   136  0000                     
   137  0000                     
   138  0000                     
   139  0000                     
   140  0000                     
   141  0000                     
   142  0000                     
   143  0000                     
   144  0000                     
   145  0000                     
   146  0000                     
   147  0000                     
   148  0000                     
   149  0000                     
   150  0000                     
   151  0000                     
   152  0000                     
   153  0000                     
   154  0000                     
   155  0000                     
   156  0000                     
   157  0000                     
   158  0000                     
   159  0000                     
   160  0000                     
   161  0000                     
   162  0000                     
   163  0000                     
   164  0000                     
   165  0000                     
   166  0000                     
   167  0000                     
   168  0000                     
   169  0000                     
   170  0000                     
   171  0000                     
   172  0000                     
   173  0000                     
   174  0000                     
   175  0000                     
   176  0000                     
   177  0000                     
   178  0000                     
   179  0000                     
   180  0000                     
   181  0000                     
   182  0000                     
   183  0000                     
   184  0000                     
   185  0000                     
   186  0000                     
   187  0000                     
   188  0000                     
   189  0000                     
   190  0000                     
   191  0000                     
   192  0000                     
   193  0000                     
   194  0000                     
   195  0000                     
   196  0000                     
   197  0000                     
   198  0000                     
   199  0000                     
   200  0000                     
   201  0000                     
   202  0000                     
   203  0000                     
   204  0000                     
   205  0000                     
   206  0000                     
   207  0000                     
   208  0000                     
   209  0000                     
   210  0000                     
   211  0000                     
   212  0000                     
   213  0000                     
   214  0000                     
   215  0000                     
   216  0000                     
   217  0000                     
   218  0000                     
   219  0000                     
   220  0000                     
   221  0000                     
   222  0000                     
   223  0000                     
   224  0000                     
   225  0000                     
   226  0000                     
   227  0000                     
   228  0000                     
   229  0000                     
   230  0000                     
   231  0000                     
   232  0000                     
   233  0000                     
   234  0000                     
   235  0000                     
   236  0000                     
   237  0000                     
   238  0000                     
   239  0000                     
   240  0000                     
   241  0000                     
   242  0000                     
   243  0000                     
   244  0000                     
   245  0000                     
   246  0000                     
   247  0000                     
   248  0000                     
   249  0000                     
   250  0000                     
   251  0000                     
   252  0000                     
   253  0000                     
   254  0000                     
   255  0000                     
   256  0000                     
   257  0000                     
   258  0000                     
   259  0000                     
   260  0000                     
   261  0000                     
   262  0000                     
   263  0000                     
   264  0000                     
   265  0000                     
   266  0000                     
   267  0000                     
   268  0000                     
   269  0000                     
   270  0000                     
   271  0000                     
   272  0000                     
   273  0000                     
   274  0000                     
   275  0000                     
   276  0000                     
   277  0000                     
   278  0000                     
   279  0000                     
   280  0000                     
   281  0000                     
   282  0000                     
   283  0000                     
   284  0000                     
   285  0000                     
   286  0000                     
   287  0000                     
   288  0000                     
   289  0000                     
   290  0000                     
   291  0000                     
   292  0000                     
   293  0000                     
   294  0000                     
   295  0000                     
   296  0000                     
   297  0000                     
   298  0000                     
   299  0000                     
   300  0000                     
   301  0000                     
   302  0000                     
   303  0000                     
   304  0000                     
   305  0000                     
   306  0000                     
   307  0000                     
   308  0000                     
   309  0000                     
   310  0000                     
   311  0000                     
   312  0000                     
   313  0000                     
   314  0000                     
   315  0000                     
   316  0000                     
   317  0000                     
   318  0000                     
   319  0000                     
   320  0000                     
   321  0000                     
   322  0000                     
   323  0000                     
   324  0000                     
   325  0000                     
   326  0000                     
   327  0000                     
   328  0000                     
   329  0000                     
   330  0000                     
   331  0000                     
   332  0000                     
   333  0000                     
   334  0000                     
   335  0000                     
   336  0000                     
   337  0000                     
   338  0000                     
   339  0000                     
   340  0000                     
   341  0000                     
   342  0000                     
   343  0000                     
   344  0000                     
   345  0000                     
   346  0000                     
   347  0000                     
   348  0000                     
   349  0000                     
   350  0000                     
   351  0000                     
   352  0000                     
   353  0000                     
   354  0000                     
   355  0000                     
   356  0000                     
   357  0000                     
   358  0000                     
   359  0000                     
   360  0000                     
   361  0000                     
   362  0000                     
   363  0000                     
   364  0000                     
   365  0000                     
   366  0000                     
   367  0000                     
   368  0000                     
   369  0000                     
   370  0000                     
   371  0000                     
   372  0000                     
   373  0000                     
   374  0000                     
   375  0000                     
   376  0000                     
   377  0000                     
   378  0000                     
   379  0000                     
   380  0000                     
   381  0000                     
   382  0000                     
   383  0000                     
   384  0000                     
   385  0000                     
   386  0000                     
   387  0000                     
   388  0000                     
   389  0000                     
   390  0000                     
   391  0000                     
   392  0000                     
   393  0000                     
   394  0000                     


HI-TECH Software PICC Macro Assembler V8.05PL2
Symbol Table                                          Wed Apr 20 16:02:39 2016

    ?a_DelayMs 0000              l2 0FE9              l3 0FCD  
            l5 0FD1              l6 0FD0              l8 0FD8  
            l9 0FD7             l11 0FDF             l12 0FDE  
           l14 0FE6             l15 0FE5             l18 0FFA  
           l19 0FF2         _DelayS 0FEF        _DelayMs 0FCA  
        status 0003       ?a_DelayS 0000  
