

HI-TECH Software PICC Macro Assembler V8.05PL2
Serial number: HCPIC-00000                            Wed Apr 20 16:02:40 2016

Licensed to: MITSOS FOREVER
     1                           	processor	16F877A
     2                           	opt	pw 79
     3                           	psect	__Z00000RS_,global,delta=1
     4                           	psect	text0,local,class=CODE,delta=2
     5                           	psect	text1,local,class=CODE,delta=2
     6                           	psect	text4,local,class=CODE,delta=2
     7                           	psect	text6,local,class=CODE,delta=2
     8  0000                     
     9  0000                     
    10  0000                     
    11  0000                     
    12  0000                     
    13  0000                     
    14  0000                     
    15  0000                     
    16  0000                     
    17  0000                     
    18                           
    19                           	psect	__Z00000RS_
    20  0F30                     
    21  0F30                     
    22                           
    23                           	psect	text0
    24  029F                     _write_command
    25                           ;	_cmd assigned to ?a_write_command+0
    26  0000                     _write_command$cmd	set	?a_write_command
    27                           ;_cmd stored from w
    28  029F  0183               	clrf	3	;select bank 0
    29  02A0  0080               	movwf	?a_write_command
    30                           ;lcd4bit.c: 6: PORTB = 0x00;
    31  02A1  0186               	clrf	6	;volatile
    32                           ;lcd4bit.c: 7: RB1 = 0;
    33  02A2  1086               	bcf	6,1
    34                           ;lcd4bit.c: 8: RB2 = 0;
    35  02A3  1106               	bcf	6,2
    36                           ;lcd4bit.c: 9: PORTB |= (cmd & 0xf0);
    37  02A4  39F0               	andlw	-16
    38  02A5  0486               	iorwf	6	;volatile
    39                           ;lcd4bit.c: 10: RB3 = 1;
    40  02A6  1586               	bsf	6,3
    41                           ;lcd4bit.c: 11: RB3 = 0;
    42  02A7  1186               	bcf	6,3
    43                           ;lcd4bit.c: 12: DelayMs(1);
    44  02A8  3001               	movlw	1
    45  02A9  120A  118A  2A1B   	ljmp	_DelayMs
    46  02AC                     _lcd_command
    47                           ;	_cmd assigned to ?a_lcd_command+0
    48  0000                     _lcd_command$cmd	set	?a_lcd_command
    49                           ;_cmd stored from w
    50  02AC  0183               	clrf	3	;select bank 0
    51  02AD  0080               	movwf	?a_lcd_command
    52                           ;lcd4bit.c: 33: write_command(cmd);
    53  02AE  229F  120A  118A   	fcall	_write_command
    54                           ;lcd4bit.c: 34: write_command((cmd << 4));
    55  02B1  0E00               	swapf	?a_lcd_command,w
    56  02B2  39F0               	andlw	240
    57  02B3  2A9F               	ljmp	_write_command
    58                           ;lcd4bit.c: 44: void lcd_init(void) {
    59  02B4                     _lcd_init
    60                           ;lcd4bit.c: 46: DelayMs(15);
    61  02B4  300F               	movlw	15
    62  02B5  120A  118A  221B   	fcall	_DelayMs
      +       120A  118A         
    63                           ;lcd4bit.c: 47: write_command(0x30);
    64  02BA  3030               	movlw	48
    65  02BB  229F               	fcall	_write_command
    66                           ;lcd4bit.c: 48: DelayMs(5);
    67  02BC  3005               	movlw	5
    68  02BD  120A  118A  221B   	fcall	_DelayMs
      +       120A  118A         
    69                           ;lcd4bit.c: 49: write_command(0x30);
    70  02C2  3030               	movlw	48
    71  02C3  229F               	fcall	_write_command
    72                           ;lcd4bit.c: 50: DelayMs(2);
    73  02C4  3002               	movlw	2
    74  02C5  120A  118A  221B   	fcall	_DelayMs
      +       120A  118A         
    75                           ;lcd4bit.c: 51: write_command(0x30);
    76  02CA  3030               	movlw	48
    77  02CB  229F               	fcall	_write_command
    78                           ;lcd4bit.c: 52: DelayMs(1);
    79  02CC  3001               	movlw	1
    80  02CD  120A  118A  221B   	fcall	_DelayMs
      +       120A  118A         
    81                           ;lcd4bit.c: 53: write_command(0x20);
    82  02D2  3020               	movlw	32
    83  02D3  229F  120A  118A   	fcall	_write_command
    84                           ;lcd4bit.c: 55: lcd_command(0x01);
    85  02D6  3001               	movlw	1
    86  02D7  22AC  120A  118A   	fcall	_lcd_command
    87                           ;lcd4bit.c: 56: lcd_command(0x06);
    88  02DA  3006               	movlw	6
    89  02DB  22AC  120A  118A   	fcall	_lcd_command
    90                           ;lcd4bit.c: 57: lcd_command(0x0c);
    91  02DE  300C               	movlw	12
    92  02DF  22AC  120A  118A   	fcall	_lcd_command
    93                           ;lcd4bit.c: 58: lcd_command(0x80);
    94  02E2  3080               	movlw	-128
    95  02E3  2AAC               	ljmp	_lcd_command
    96                           
    97                           	psect	text1
    98  0EB4                     _write_data
    99                           ;	_dat assigned to ?a_write_data+0
   100  0000                     _write_data$dat	set	?a_write_data
   101                           ;_dat stored from w
   102  0EB4  0183               	clrf	3	;select bank 0
   103  0EB5  0080               	movwf	?a_write_data
   104                           ;lcd4bit.c: 17: PORTB = 0x00;
   105  0EB6  0186               	clrf	6	;volatile
   106                           ;lcd4bit.c: 18: RB1 = 1;
   107  0EB7  1486               	bsf	6,1
   108                           ;lcd4bit.c: 19: RB2 = 0;
   109  0EB8  1106               	bcf	6,2
   110                           ;lcd4bit.c: 20: PORTB |= (dat & 0xf0);
   111  0EB9  39F0               	andlw	-16
   112  0EBA  0486               	iorwf	6	;volatile
   113                           ;lcd4bit.c: 21: RB3 = 1;
   114  0EBB  1586               	bsf	6,3
   115                           ;lcd4bit.c: 22: RB3 = 0;
   116  0EBC  1186               	bcf	6,3
   117                           ;lcd4bit.c: 23: DelayMs(1);
   118  0EBD  3001               	movlw	1
   119  0EBE  120A  118A  2A1B   	ljmp	_DelayMs
   120  0EC1                     _lcd_data
   121                           ;	_dat assigned to ?a_lcd_data+0
   122  0000                     _lcd_data$dat	set	?a_lcd_data
   123                           ;_dat stored from w
   124  0EC1  0183               	clrf	3	;select bank 0
   125  0EC2  0080               	movwf	?a_lcd_data
   126                           ;lcd4bit.c: 28: write_data(dat);
   127  0EC3  26B4  120A  158A   	fcall	_write_data
   128                           ;lcd4bit.c: 29: write_data((dat << 4));
   129  0EC6  0E00               	swapf	?a_lcd_data,w
   130  0EC7  39F0               	andlw	240
   131  0EC8  2EB4               	ljmp	_write_data
   132                           
   133                           	psect	text4
   134  0F12                     _printlcd
   135                           ;lcd4bit.c: 38: while(*CPtr != '\0') {
   136  0F12  2F1F               	goto	l6
   137  0F13                     l7
   138                           ;lcd4bit.c: 39: lcd_data(*CPtr);
   139  0F13  0822               	movf	?_printlcd+1,w
   140  0F14  0081               	movwf	code_ptr+1
   141  0F15  0821               	movf	?_printlcd,w
   142  0F16  120A  118A  2000   	fcall	string_table
   143  0F19  120A  158A  26C1   	fcall	_lcd_data
   144                           ;lcd4bit.c: 40: CPtr++;
   145  0F1C  0AA1               	incf	?_printlcd
   146  0F1D  1903               	btfsc	3,2
   147  0F1E  0AA2               	incf	?_printlcd+1
   148  0F1F                     l6
   149                           ;lcd4bit.c: 41: }
   150  0F1F  1283               	bcf	3,5
   151  0F20  1303               	bcf	3,6	;carry unused
   152  0F21  0822               	movf	?_printlcd+1,w
   153  0F22  0081               	movwf	code_ptr+1
   154  0F23  0821               	movf	?_printlcd,w
   155  0F24  120A  118A  2000   	fcall	string_table
      +       120A  158A         
   156  0F29  3800               	iorlw	0
   157  0F2A  1903               	btfsc	3,2
   158  0F2B  0008               	return
   159  0F2C  2F13               	goto	l7
   160                           
   161                           	psect	text6
   162  0000                     
   163  0000                     
   164  0000                     
   165  0000                     
   166  0000                     
   167  0000                     
   168  0000                     
   169  0000                     
   170  0000                     
   171  0000                     
   172  0000                     
   173  0000                     
   174  0000                     
   175  0000                     
   176  0000                     
   177  0000                     
   178  0000                     
   179  0000                     
   180  0000                     
   181  0000                     
   182  0000                     
   183  0000                     
   184  0000                     
   185  0000                     
   186  0000                     
   187  0000                     
   188  0000                     
   189  0000                     
   190  0000                     
   191  0000                     
   192  0000                     
   193  0000                     
   194  0000                     
   195  0000                     
   196  0000                     
   197  0000                     
   198  0000                     
   199  0000                     
   200  0000                     
   201  0000                     
   202  0000                     
   203  0000                     
   204  0000                     
   205  0000                     
   206  0000                     
   207  0000                     
   208  0000                     
   209  0000                     
   210  0000                     
   211  0000                     
   212  0000                     
   213  0000                     
   214  0000                     
   215  0000                     
   216  0000                     
   217  0000                     
   218  0000                     
   219  0000                     
   220  0000                     
   221  0000                     
   222  0000                     
   223  0000                     
   224  0000                     
   225  0000                     
   226  0000                     
   227  0000                     
   228  0000                     
   229  0000                     
   230  0000                     
   231  0000                     
   232  0000                     
   233  0000                     
   234  0000                     
   235  0000                     
   236  0000                     
   237  0000                     
   238  0000                     
   239  0000                     
   240  0000                     
   241  0000                     
   242  0000                     
   243  0000                     
   244  0000                     
   245  0000                     
   246  0000                     
   247  0000                     
   248  0000                     
   249  0000                     
   250  0000                     
   251  0000                     
   252  0000                     
   253  0000                     
   254  0000                     
   255  0000                     
   256  0000                     
   257  0000                     
   258  0000                     
   259  0000                     
   260  0000                     
   261  0000                     
   262  0000                     
   263  0000                     
   264  0000                     
   265  0000                     
   266  0000                     
   267  0000                     
   268  0000                     
   269  0000                     
   270  0000                     
   271  0000                     
   272  0000                     
   273  0000                     
   274  0000                     
   275  0000                     
   276  0000                     
   277  0000                     
   278  0000                     
   279  0000                     
   280  0000                     
   281  0000                     
   282  0000                     
   283  0000                     
   284  0000                     
   285  0000                     
   286  0000                     
   287  0000                     
   288  0000                     
   289  0000                     
   290  0000                     
   291  0000                     
   292  0000                     
   293  0000                     
   294  0000                     
   295  0000                     
   296  0000                     
   297  0000                     
   298  0000                     
   299  0000                     
   300  0000                     
   301  0000                     
   302  0000                     
   303  0000                     
   304  0000                     
   305  0000                     
   306  0000                     
   307  0000                     
   308  0000                     
   309  0000                     
   310  0000                     
   311  0000                     
   312  0000                     
   313  0000                     
   314  0000                     
   315  0000                     
   316  0000                     
   317  0000                     
   318  0000                     
   319  0000                     
   320  0000                     
   321  0000                     
   322  0000                     
   323  0000                     
   324  0000                     
   325  0000                     
   326  0000                     
   327  0000                     
   328  0000                     
   329  0000                     
   330  0000                     
   331  0000                     
   332  0000                     
   333  0000                     
   334  0000                     
   335  0000                     
   336  0000                     
   337  0000                     
   338  0000                     
   339  0000                     
   340  0000                     
   341  0000                     
   342  0000                     
   343  0000                     
   344  0000                     
   345  0000                     
   346  0000                     
   347  0000                     
   348  0000                     
   349  0000                     
   350  0000                     
   351  0000                     
   352  0000                     
   353  0000                     
   354  0000                     
   355  0000                     
   356  0000                     
   357  0000                     
   358  0000                     
   359  0000                     
   360  0000                     
   361  0000                     
   362  0000                     
   363  0000                     
   364  0000                     
   365  0000                     
   366  0000                     
   367  0000                     
   368  0000                     
   369  0000                     
   370  0000                     
   371  0000                     
   372  0000                     
   373  0000                     
   374  0000                     
   375  0000                     
   376  0000                     
   377  0000                     
   378  0000                     
   379  0000                     
   380  0000                     
   381  0000                     
   382  0000                     
   383  0000                     
   384  0000                     
   385  0000                     
   386  0000                     
   387  0000                     
   388  0000                     
   389  0000                     
   390  0000                     
   391  0000                     
   392  0000                     
   393  0000                     
   394  0000                     
   395  0000                     
   396  0000                     
   397  0000                     
   398  0000                     
   399  0000                     
   400  0000                     
   401  0000                     
   402  0000                     
   403  0000                     
   404  0000                     
   405  0000                     
   406  0000                     
   407  0000                     
   408  0000                     
   409  0000                     
   410  0000                     
   411  0000                     
   412  0000                     
   413  0000                     
   414  0000                     
   415  0000                     
   416  0000                     
   417  0000                     
   418  0000                     
   419  0000                     
   420  0000                     
   421  0000                     
   422  0000                     
   423  0000                     
   424  0000                     
   425  0000                     
   426  0000                     
   427  0000                     
   428  0000                     
   429  0000                     
   430  0000                     
   431  0000                     
   432  0000                     
   433  0000                     
   434  0000                     
   435  0000                     
   436  0000                     
   437  0000                     


HI-TECH Software PICC Macro Assembler V8.05PL2
Symbol Table                                          Wed Apr 20 16:02:40 2016

                l6 0F1F                  l7 0F13           _lcd_data 0EC1  
     ?a_write_data 0000           _lcd_init 02B4           _printlcd 0F12  
          _DelayMs 021B         _write_data 0EB4         ?a_lcd_data 0000  
        ?_printlcd 0021      _write_command 029F            code_ptr 0000  
      string_table 0000        _lcd_command 02AC              status 0003  
  ?a_write_command 0000       used_code_ptr 0000      ?a_lcd_command 0000  
