

HI-TECH Software PICC Macro Assembler V8.05PL2
Serial number: HCPIC-00000                            Wed Apr 20 16:02:39 2016

Licensed to: MITSOS FOREVER
     1                           	processor	16F877A
     2                           	opt	pw 79
     3                           	psect	__Z00000RS_,global,delta=1
     4                           	psect	text0,local,class=CODE,delta=2
     5                           	psect	text1,local,class=CODE,delta=2
     6                           	psect	text2,local,class=CODE,delta=2
     7                           	psect	text4,local,class=CODE,delta=2
     8                           	psect	temp,global,ovrld,class=BANK0,space=1,de
      +                          lta=1
     9  0000                     
    10  0000                     
    11  0000                     
    12  0000                     
    13  0000                     
    14  0000                     
    15  0000                     
    16  0000                     
    17  0000                     
    18  0000                     
    19                           
    20                           	psect	__Z00000RS_
    21  0F30                     
    22  0F30                     
    23                           
    24                           	psect	text0
    25  0EA1                     _init_serial
    26                           ;serial.c: 7: TRISC6 = 0;
    27  0EA1  1683               	bsf	3,5
    28  0EA2  1303               	bcf	3,6	;carry unused
    29  0EA3  1307               	bcf	7,6
    30                           ;serial.c: 8: TRISC7 = 1;
    31  0EA4  1787               	bsf	7,7
    32                           ;serial.c: 9: TXEN = 1;
    33  0EA5  1698               	bsf	24,5
    34                           ;serial.c: 10: CREN = 1;
    35  0EA6  1283               	bcf	3,5
    36  0EA7  1618               	bsf	24,4
    37                           ;serial.c: 11: SPEN = 1;
    38  0EA8  1798               	bsf	24,7
    39                           ;serial.c: 12: SYNC = 0;
    40  0EA9  1683               	bsf	3,5
    41  0EAA  1218               	bcf	24,4
    42                           ;serial.c: 13: RCIF = 0;
    43  0EAB  1283               	bcf	3,5
    44  0EAC  128C               	bcf	12,5
    45                           ;serial.c: 14: RCIE = 1;
    46  0EAD  1683               	bsf	3,5
    47  0EAE  168C               	bsf	12,5
    48                           ;serial.c: 15: BRGH = 1;
    49  0EAF  1518               	bsf	24,2
    50                           ;serial.c: 16: SPBRG = 129;
    51  0EB0  3081               	movlw	-127
    52  0EB1  0099               	movwf	25	;volatile
    53                           ;serial.c: 17: }
    54  0EB2  1283               	bcf	3,5
    55  0EB3  0008               	return
    56                           
    57                           	psect	text1
    58  0F2D                     _sendchar
    59                           ;	_SDat assigned to ?a_sendchar+0
    60  0000                     _sendchar$SDat	set	?a_sendchar
    61                           ;_SDat stored from w
    62  0F2D  0183               	clrf	3	;select bank 0
    63  0F2E  0080               	movwf	?a_sendchar
    64                           ;serial.c: 22: TXREG = SDat;
    65  0F2F  0800               	movf	?a_sendchar,w
    66  0F30  0099               	movwf	25	;volatile
    67                           ;serial.c: 23: while (!TRMT);
    68  0F31                     l3
    69  0F31  1683               	bsf	3,5
    70  0F32  1C98               	btfss	24,1
    71  0F33  2F31               	goto	l3
    72                           ;serial.c: 24: }
    73  0F34  1283               	bcf	3,5
    74  0F35  0008               	return
    75  0F36                     _prints
    76                           ;serial.c: 36: while(*ptr){
    77  0F36  2F43               	goto	l11
    78  0F37                     l12
    79                           ;serial.c: 37: sendchar (*ptr);
    80  0F37  0821               	movf	?_prints+1,w
    81  0F38  0081               	movwf	code_ptr+1
    82  0F39  0820               	movf	?_prints,w
    83  0F3A  120A  118A  2000   	fcall	string_table
      +       120A  158A         
    84  0F3F  272D               	fcall	_sendchar
    85                           ;serial.c: 38: ptr++;
    86  0F40  0AA0               	incf	?_prints
    87  0F41  1903               	btfsc	3,2
    88  0F42  0AA1               	incf	?_prints+1
    89  0F43                     l11
    90                           ;serial.c: 39: }
    91  0F43  1283               	bcf	3,5
    92  0F44  1303               	bcf	3,6	;carry unused
    93  0F45  0821               	movf	?_prints+1,w
    94  0F46  0081               	movwf	code_ptr+1
    95  0F47  0820               	movf	?_prints,w
    96  0F48  120A  118A  2000   	fcall	string_table
      +       120A  158A         
    97  0F4D  3800               	iorlw	0
    98  0F4E  1903               	btfsc	3,2
    99  0F4F  0008               	return
   100  0F50  2F37               	goto	l12
   101                           
   102                           	psect	text2
   103                           ;serial.c: 27: int getchar (void) {
   104  07F2                     _getchar
   105                           ;serial.c: 28: RCIF = 0;
   106  07F2  0183               	clrf	3	;select bank 0
   107  07F3  128C               	bcf	12,5
   108                           ;serial.c: 29: while (!RCIF);
   109  07F4                     l7
   110  07F4  1E8C               	btfss	12,5
   111  07F5  2FF4               	goto	l7
   112                           ;serial.c: 31: return (RCREG);
   113  07F6  081A               	movf	26,w	;volatile
   114  07F7  00B0               	movwf	btemp
   115  07F8  01B1               	clrf	btemp+1
   116                           ;serial.c: 33: }
   117  07F9  0008               	return
   118                           
   119                           	psect	text4
   120  0000                     
   121  0000                     
   122  0000                     
   123  0000                     
   124  0000                     
   125  0000                     
   126  0000                     
   127  0000                     
   128  0000                     
   129  0000                     
   130  0000                     
   131  0000                     
   132  0000                     
   133  0000                     
   134  0000                     
   135  0000                     
   136  0000                     
   137  0000                     
   138  0000                     
   139  0000                     
   140  0000                     
   141  0000                     
   142  0000                     
   143  0000                     
   144  0000                     
   145  0000                     
   146  0000                     
   147  0000                     
   148  0000                     
   149  0000                     
   150  0000                     
   151  0000                     
   152  0000                     
   153  0000                     
   154  0000                     
   155  0000                     
   156  0000                     
   157  0000                     
   158  0000                     
   159  0000                     
   160  0000                     
   161  0000                     
   162  0000                     
   163  0000                     
   164  0000                     
   165  0000                     
   166  0000                     
   167  0000                     
   168  0000                     
   169  0000                     
   170  0000                     
   171  0000                     
   172  0000                     
   173  0000                     
   174  0000                     
   175  0000                     
   176  0000                     
   177  0000                     
   178  0000                     
   179  0000                     
   180  0000                     
   181  0000                     
   182  0000                     
   183  0000                     
   184  0000                     
   185  0000                     
   186  0000                     
   187  0000                     
   188  0000                     
   189  0000                     
   190  0000                     
   191  0000                     
   192  0000                     
   193  0000                     
   194  0000                     
   195  0000                     
   196  0000                     
   197  0000                     
   198  0000                     
   199  0000                     
   200  0000                     
   201  0000                     
   202  0000                     
   203  0000                     
   204  0000                     
   205  0000                     
   206  0000                     
   207  0000                     
   208  0000                     
   209  0000                     
   210  0000                     
   211  0000                     
   212  0000                     
   213  0000                     
   214  0000                     
   215  0000                     
   216  0000                     
   217  0000                     
   218  0000                     
   219  0000                     
   220  0000                     
   221  0000                     
   222  0000                     
   223  0000                     
   224  0000                     
   225  0000                     
   226  0000                     
   227  0000                     
   228  0000                     
   229  0000                     
   230  0000                     
   231  0000                     
   232  0000                     
   233  0000                     
   234  0000                     
   235  0000                     
   236  0000                     
   237  0000                     
   238  0000                     
   239  0000                     
   240  0000                     
   241  0000                     
   242  0000                     
   243  0000                     
   244  0000                     
   245  0000                     
   246  0000                     
   247  0000                     
   248  0000                     
   249  0000                     
   250  0000                     
   251  0000                     
   252  0000                     
   253  0000                     
   254  0000                     
   255  0000                     
   256  0000                     
   257  0000                     
   258  0000                     
   259  0000                     
   260  0000                     
   261  0000                     
   262  0000                     
   263  0000                     
   264  0000                     
   265  0000                     
   266  0000                     
   267  0000                     
   268  0000                     
   269  0000                     
   270  0000                     
   271  0000                     
   272  0000                     
   273  0000                     
   274  0000                     
   275  0000                     
   276  0000                     
   277  0000                     
   278  0000                     
   279  0000                     
   280  0000                     
   281  0000                     
   282  0000                     
   283  0000                     
   284  0000                     
   285  0000                     
   286  0000                     
   287  0000                     
   288  0000                     
   289  0000                     
   290  0000                     
   291  0000                     
   292  0000                     
   293  0000                     
   294  0000                     
   295  0000                     
   296  0000                     
   297  0000                     
   298  0000                     
   299  0000                     
   300  0000                     
   301  0000                     
   302  0000                     
   303  0000                     
   304  0000                     
   305  0000                     
   306  0000                     
   307  0000                     
   308  0000                     
   309  0000                     
   310  0000                     
   311  0000                     
   312  0000                     
   313  0000                     
   314  0000                     
   315  0000                     
   316  0000                     
   317  0000                     
   318  0000                     
   319  0000                     
   320  0000                     
   321  0000                     
   322  0000                     
   323  0000                     
   324  0000                     
   325  0000                     
   326  0000                     
   327  0000                     
   328  0000                     
   329  0000                     
   330  0000                     
   331  0000                     
   332  0000                     
   333  0000                     
   334  0000                     
   335  0000                     
   336  0000                     
   337  0000                     
   338  0000                     
   339  0000                     
   340  0000                     
   341  0000                     
   342  0000                     
   343  0000                     
   344  0000                     
   345  0000                     
   346  0000                     
   347  0000                     
   348  0000                     
   349  0000                     
   350  0000                     
   351  0000                     
   352  0000                     
   353  0000                     
   354  0000                     
   355  0000                     
   356  0000                     
   357  0000                     
   358  0000                     
   359  0000                     
   360  0000                     
   361  0000                     
   362  0000                     
   363  0000                     
   364  0000                     
   365  0000                     
   366  0000                     
   367  0000                     
   368  0000                     
   369  0000                     
   370  0000                     
   371  0000                     
   372  0000                     
   373  0000                     
   374  0000                     
   375  0000                     
   376  0000                     
   377  0000                     
   378  0000                     
   379  0000                     
   380  0000                     
   381  0000                     
   382  0000                     
   383  0000                     
   384  0000                     
   385  0000                     
   386  0000                     
   387  0000                     
   388  0000                     
   389  0000                     
   390  0000                     
   391  0000                     
   392  0000                     
   393  0000                     
   394  0000                     
   395  0000                     
   396                           
   397                           	psect	temp
   398  0F30                     btemp
   399  0F30                     	ds	2


HI-TECH Software PICC Macro Assembler V8.05PL2
Symbol Table                                          Wed Apr 20 16:02:39 2016

            l3 0F31              l7 07F4             l11 0F43  
           l12 0F37        ?_prints 0020       _sendchar 0F2D  
  _init_serial 0EA1         _prints 0F36           btemp 0F30  
      _getchar 07F2        code_ptr 0000     ?a_sendchar 0000  
  string_table 0000          status 0003   used_code_ptr 0000  
   used_btemp0 0000     used_btemp1 0000  
